-------------------------------------------------------------------------------
Test set: com.talentbridge.talentbridge.TalentbridgeApplicationTests
-------------------------------------------------------------------------------
Tests run: 1, Failures: 0, Errors: 1, Skipped: 0, Time elapsed: 0.321 s <<< FAILURE! - in com.talentbridge.talentbridge.TalentbridgeApplicationTests
com.talentbridge.talentbridge.TalentbridgeApplicationTests  Time elapsed: 0.32 s  <<< ERROR!
java.lang.IllegalStateException: Unable to find a @SpringBootConfiguration, you need to use @ContextConfiguration or @SpringBootTest(classes=...) with your test

